0 info it worked if it ends with ok
1 verbose cli [ 'node', '/usr/local/bin/npm', 'install', 'package.json' ]
2 info using npm@2.1.4
3 info using node@v0.10.32
4 verbose node symlink /usr/local/bin/node
5 warn package.json beanstock_templates@0.0.1 No description
6 warn package.json beanstock_templates@0.0.1 No README data
7 silly cache add args [ 'package.json', null ]
8 verbose cache add spec package.json
9 silly cache add parsed spec { raw: 'package.json',
9 silly cache add   scope: null,
9 silly cache add   name: 'package.json',
9 silly cache add   rawSpec: '',
9 silly cache add   spec: '/Users/norrishung/Sites/slack-interview/package.json',
9 silly cache add   type: 'local' }
10 silly addLocalTarball shasum (computed) eb0d7cd05f8c07cb186f00254a2da983daeee95f
11 verbose addTmpTarball /Users/norrishung/Sites/slack-interview/package.json not in flight; adding
12 verbose addTmpTarball validating metadata from /Users/norrishung/Sites/slack-interview/package.json
13 verbose tar unpack /Users/norrishung/Sites/slack-interview/package.json
14 verbose tar unpacking to /var/folders/z5/b2x_n3dj4zq1q_2lvggszvjc0000gn/T/npm-35893-5ccc7221/unpack-9a61a1cd2d9c
15 verbose gentlyRm vacuuming /var/folders/z5/b2x_n3dj4zq1q_2lvggszvjc0000gn/T/npm-35893-5ccc7221/unpack-9a61a1cd2d9c
16 silly gunzTarPerm modes [ '755', '644' ]
17 error not a package /Users/norrishung/Sites/slack-interview/package.json
18 error addLocal Could not install /Users/norrishung/Sites/slack-interview/package.json
19 verbose stack Error: ENOENT, open '/var/folders/z5/b2x_n3dj4zq1q_2lvggszvjc0000gn/T/npm-35893-5ccc7221/unpack-9a61a1cd2d9c/package.json'
20 verbose cwd /Users/norrishung/Sites/slack-interview
21 error Darwin 15.4.0
22 error argv "node" "/usr/local/bin/npm" "install" "package.json"
23 error node v0.10.32
24 error npm  v2.1.4
25 error path /var/folders/z5/b2x_n3dj4zq1q_2lvggszvjc0000gn/T/npm-35893-5ccc7221/unpack-9a61a1cd2d9c/package.json
26 error code ENOENT
27 error errno 34
28 error ENOENT, open '/var/folders/z5/b2x_n3dj4zq1q_2lvggszvjc0000gn/T/npm-35893-5ccc7221/unpack-9a61a1cd2d9c/package.json'
29 error If you need help, you may report this error at:
29 error     <http://github.com/npm/npm/issues>
30 verbose exit [ 34, true ]
